Using pre-set license
Built from '2020.2/china_unity/release' branch; Version is '2020.2.2f1c1 (e7e650540bb3) revision 15197776'; Using compiler version '192528614'; Build Type 'Release'
OS: 'Windows 10 Enterprise; OS build 18363.1256; Version 1909; 64bit' Language: 'zh' Physical Memory: 16326 MB
BatchMode: 1, IsHumanControllingUs: 0, StartBugReporterOnCrash: 0, Is64bit: 1, IsPro: 0

 COMMAND LINE ARGUMENTS:
D:\Unity2020\Unity\Editor\Unity.exe
-adb2
-batchMode
-noUpm
-name
AssetImportWorker0
-projectPath
E:/ToonRenderTest
-logFile
Logs/AssetImportWorker0.log
-srvPort
56238
Successfully changed project path to: E:/ToonRenderTest
E:/ToonRenderTest
Using Asset Import Pipeline V2.
Refreshing native plugins compatible for Editor in 39.51 ms, found 0 plugins.
Preloading 0 native plugins for Editor in 0.00 ms.
Initialize engine version: 2020.2.2f1c1 (e7e650540bb3)
[Subsystems] Discovering subsystems at path D:/Unity2020/Unity/Editor/Data/Resources/UnitySubsystems
[Subsystems] Discovering subsystems at path E:/ToonRenderTest/Assets
GfxDevice: creating device client; threaded=0
Direct3D:
    Version:  Direct3D 11.0 [level 11.1]
    Renderer: NVIDIA GeForce GTX 1660 (ID=0x2184)
    Vendor:   
    VRAM:     5991 MB
    Driver:   26.21.14.3200
Shader 'Universal Render Pipeline/Particles/Lit': fallback shader 'Universal Render Pipeline/Particles/SimpleLit' not found
Initialize mono
Mono path[0] = 'D:/Unity2020/Unity/Editor/Data/Managed'
Mono path[1] = 'D:/Unity2020/Unity/Editor/Data/MonoBleedingEdge/lib/mono/unityjit'
Mono config path = 'D:/Unity2020/Unity/Editor/Data/MonoBleedingEdge/etc'
Using monoOptions --debugger-agent=transport=dt_socket,embedding=1,server=y,suspend=n,address=127.0.0.1:56932
Begin MonoManager ReloadAssembly
Registering precompiled unity dll's ...
Register platform support module: D:/Unity2020/Unity/Editor/Data/PlaybackEngines/WindowsStandaloneSupport/UnityEditor.WindowsStandalone.Extensions.dll
Registered in 0.000772 seconds.
Native extension for WindowsStandalone target not found
Refreshing native plugins compatible for Editor in 37.39 ms, found 0 plugins.
Preloading 0 native plugins for Editor in 0.00 ms.
Invoked RoslynAnalysisRunner static constructor.
RoslynAnalysisRunner will not be running.
RoslynAnalysisRunner has terminated.
Mono: successfully reloaded assembly
- Completed reload, in  0.703 seconds
Platform modules already initialized, skipping
Registering precompiled user dll's ...
Registered in 0.000906 seconds.
Begin MonoManager ReloadAssembly
Native extension for WindowsStandalone target not found
Refreshing native plugins compatible for Editor in 39.19 ms, found 0 plugins.
Preloading 0 native plugins for Editor in 0.00 ms.
Invoked RoslynAnalysisRunner static constructor.
RoslynAnalysisRunner will not be running.
RoslynAnalysisRunner has terminated.
Mono: successfully reloaded assembly
- Completed reload, in  0.838 seconds
Platform modules already initialized, skipping
========================================================================
Worker process is ready to serve import requests
Shader 'Universal Render Pipeline/Particles/Lit': fallback shader 'Universal Render Pipeline/Particles/SimpleLit' not found
Launched and connected shader compiler UnityShaderCompiler.exe after 0.10 seconds
Refreshing native plugins compatible for Editor in 0.47 ms, found 0 plugins.
Preloading 0 native plugins for Editor in 0.00 ms.
Unloading 2398 Unused Serialized files (Serialized files now loaded: 0)
System memory in use before: 112.1 MB.
System memory in use after: 112.3 MB.

Unloading 10 unused Assets to reduce memory usage. Loaded Objects now: 2841.
Total: 2.482800 ms (FindLiveObjects: 0.276900 ms CreateObjectMapping: 0.179100 ms MarkObjects: 1.923900 ms  DeleteObjects: 0.101900 ms)

========================================================================
Received Import Request.
  path: Assets/Resources/Materials/Face.mat
  artifactKey: Guid(b225dc7c124d6f04399b76bdfa7a857b) Importer(815301076,1909f56bfc062723c751e8b465ee728b)
Start importing Assets/Resources/Materials/Face.mat using Guid(b225dc7c124d6f04399b76bdfa7a857b) Importer(815301076,1909f56bfc062723c751e8b465ee728b)  -> (artifact id: '48b5c5030325ef1271b7048a4a0e5004') in 0.517188 seconds
  Import took 0.537770 seconds .

========================================================================
Received Import Request.
  Time since last request: 0.000461 seconds.
  path: Assets/Resources/Materials/BG.mat
  artifactKey: Guid(e7e47d78a03dceb40acdb12f9f1af147) Importer(815301076,1909f56bfc062723c751e8b465ee728b)
Start importing Assets/Resources/Materials/BG.mat using Guid(e7e47d78a03dceb40acdb12f9f1af147) Importer(815301076,1909f56bfc062723c751e8b465ee728b)  -> (artifact id: '015e7fc436bba0ad58ea43e2a9223a62') in 0.013127 seconds
  Import took 0.029650 seconds .

========================================================================
Received Import Request.
  Time since last request: 0.000389 seconds.
  path: Assets/Resources/Materials/Hair.mat
  artifactKey: Guid(60b2cb23343f6a849a9c7a8763a38ad3) Importer(815301076,1909f56bfc062723c751e8b465ee728b)
Start importing Assets/Resources/Materials/Hair.mat using Guid(60b2cb23343f6a849a9c7a8763a38ad3) Importer(815301076,1909f56bfc062723c751e8b465ee728b)  -> (artifact id: '0df17bdb618a1a2afb4f2fc2283b0cd4') in 0.027107 seconds
  Import took 0.031064 seconds .

========================================================================
Received Import Request.
  Time since last request: 0.000335 seconds.
  path: Assets/Resources/Materials/Cloth.mat
  artifactKey: Guid(46991e53494414d4c80ad78af9804f4f) Importer(815301076,1909f56bfc062723c751e8b465ee728b)
Start importing Assets/Resources/Materials/Cloth.mat using Guid(46991e53494414d4c80ad78af9804f4f) Importer(815301076,1909f56bfc062723c751e8b465ee728b)  -> (artifact id: 'db3ad2979ad815d3fb60659d17d81ed7') in 0.011003 seconds
  Import took 0.014962 seconds .

========================================================================
Received Import Request.
  Time since last request: 2.814362 seconds.
  path: Assets/Textures/BackGroud.jpg
  artifactKey: Guid(0bb6968fd54f495418278c062ec0d527) Importer(815301076,1909f56bfc062723c751e8b465ee728b)
Start importing Assets/Textures/BackGroud.jpg using Guid(0bb6968fd54f495418278c062ec0d527) Importer(815301076,1909f56bfc062723c751e8b465ee728b)  -> (artifact id: '3ca32245ae401a041ac90f7f311fd822') in 0.088972 seconds
  Import took 0.100496 seconds .

========================================================================
Received Import Request.
  Time since last request: 0.000283 seconds.
  path: Assets/Resources/Model/Saber/weapon/SV15_WP900_N.tga
  artifactKey: Guid(165477e95d7f4164b9c8dc174dcf33f4) Importer(815301076,1909f56bfc062723c751e8b465ee728b)
Start importing Assets/Resources/Model/Saber/weapon/SV15_WP900_N.tga using Guid(165477e95d7f4164b9c8dc174dcf33f4) Importer(815301076,1909f56bfc062723c751e8b465ee728b)  -> (artifact id: '1df1af4d64b7b584a9e9ea3bc37fcdb2') in 0.073631 seconds
  Import took 0.077353 seconds .

========================================================================
Received Import Request.
  Time since last request: 0.000222 seconds.
  path: Assets/Resources/Model/Saber/weapon/SV15_WP900_A.tga
  artifactKey: Guid(51205f5651914404f85e7eae95132290) Importer(815301076,1909f56bfc062723c751e8b465ee728b)
Start importing Assets/Resources/Model/Saber/weapon/SV15_WP900_A.tga using Guid(51205f5651914404f85e7eae95132290) Importer(815301076,1909f56bfc062723c751e8b465ee728b)  -> (artifact id: 'f57d7cc0cc0131c727719ed063b0a16c') in 0.006988 seconds
  Import took 0.010837 seconds .

========================================================================
Received Import Request.
  Time since last request: 0.000297 seconds.
  path: Assets/Resources/Model/Saber/res/SV1500_skin_N.tga
  artifactKey: Guid(dc5d9f28119282d44a14fb9f24cd0c13) Importer(815301076,1909f56bfc062723c751e8b465ee728b)
Start importing Assets/Resources/Model/Saber/res/SV1500_skin_N.tga using Guid(dc5d9f28119282d44a14fb9f24cd0c13) Importer(815301076,1909f56bfc062723c751e8b465ee728b)  -> (artifact id: '85feaf1090ef93646564aa8caf8f04d1') in 0.007034 seconds
  Import took 0.010574 seconds .

========================================================================
Received Import Request.
  Time since last request: 0.000216 seconds.
  path: Assets/Resources/Model/Saber/res/SV1500_hair_B.png
  artifactKey: Guid(4438976842d80aa41873194bbe9b8239) Importer(815301076,1909f56bfc062723c751e8b465ee728b)
Start importing Assets/Resources/Model/Saber/res/SV1500_hair_B.png using Guid(4438976842d80aa41873194bbe9b8239) Importer(815301076,1909f56bfc062723c751e8b465ee728b)  -> (artifact id: '42ede1efc7d4aa4fc8edd9a7a5f7201c') in 0.012084 seconds
  Import took 0.017872 seconds .

========================================================================
Received Import Request.
  Time since last request: 0.000498 seconds.
  path: Assets/Resources/Model/Saber/res/SV1501_body_A.tga
  artifactKey: Guid(ef3dbcf6afe652a41bde6fdd51dd16f4) Importer(815301076,1909f56bfc062723c751e8b465ee728b)
Start importing Assets/Resources/Model/Saber/res/SV1501_body_A.tga using Guid(ef3dbcf6afe652a41bde6fdd51dd16f4) Importer(815301076,1909f56bfc062723c751e8b465ee728b)  -> (artifact id: 'ab5872837ad1919203d0c8913a09c14c') in 0.007129 seconds
  Import took 0.035444 seconds .

========================================================================
Received Import Request.
  Time since last request: 0.000351 seconds.
  path: Assets/Resources/Model/Saber/res/SV1501_body_N.tga
  artifactKey: Guid(e90f02ead21196d44b2b6997e155e333) Importer(815301076,1909f56bfc062723c751e8b465ee728b)
Start importing Assets/Resources/Model/Saber/res/SV1501_body_N.tga using Guid(e90f02ead21196d44b2b6997e155e333) Importer(815301076,1909f56bfc062723c751e8b465ee728b)  -> (artifact id: 'c5ffb9fd910cb82316bff38c7d085539') in 0.007623 seconds
  Import took 0.011220 seconds .

========================================================================
Received Import Request.
  Time since last request: 0.000194 seconds.
  path: Assets/Resources/Model/Saber/weapon/SV15_WP900_S.tga
  artifactKey: Guid(708cad70ce629624fae5382932cb9f7a) Importer(815301076,1909f56bfc062723c751e8b465ee728b)
Start importing Assets/Resources/Model/Saber/weapon/SV15_WP900_S.tga using Guid(708cad70ce629624fae5382932cb9f7a) Importer(815301076,1909f56bfc062723c751e8b465ee728b)  -> (artifact id: '40fd05a94d408f6e8a7b78d613b0ba73') in 0.005863 seconds
  Import took 0.009314 seconds .

========================================================================
Received Import Request.
  Time since last request: 0.000175 seconds.
  path: Assets/Resources/Model/Saber/res/SV1500_hair_A.tga
  artifactKey: Guid(33729be6ae8a6d24a8a2f56cd39ec5cd) Importer(815301076,1909f56bfc062723c751e8b465ee728b)
Start importing Assets/Resources/Model/Saber/res/SV1500_hair_A.tga using Guid(33729be6ae8a6d24a8a2f56cd39ec5cd) Importer(815301076,1909f56bfc062723c751e8b465ee728b)  -> (artifact id: 'aef52e7113e25f5ff32f190e5e984851') in 0.009342 seconds
  Import took 0.013279 seconds .

========================================================================
Received Import Request.
  Time since last request: 0.000225 seconds.
  path: Assets/Resources/Model/Saber/res/SV1500_skin_A.tga
  artifactKey: Guid(da1df6ff7311bd444a1c68b0b616444d) Importer(815301076,1909f56bfc062723c751e8b465ee728b)
Start importing Assets/Resources/Model/Saber/res/SV1500_skin_A.tga using Guid(da1df6ff7311bd444a1c68b0b616444d) Importer(815301076,1909f56bfc062723c751e8b465ee728b)  -> (artifact id: 'b16da4c2a50b3bb0d0a6b306b66d7dbd') in 0.007022 seconds
  Import took 0.032648 seconds .

========================================================================
Received Import Request.
  Time since last request: 0.000233 seconds.
  path: Assets/Resources/Model/Saber/res/SV1500_hair_A.tga
  artifactKey: Guid(33729be6ae8a6d24a8a2f56cd39ec5cd) Importer(815301076,1909f56bfc062723c751e8b465ee728b)
Start importing Assets/Resources/Model/Saber/res/SV1500_hair_A.tga using Guid(33729be6ae8a6d24a8a2f56cd39ec5cd) Importer(815301076,1909f56bfc062723c751e8b465ee728b)  -> (artifact id: 'aef52e7113e25f5ff32f190e5e984851') in 0.009346 seconds
  Import took 0.013272 seconds .

========================================================================
Received Import Request.
  Time since last request: 0.000217 seconds.
  path: Assets/Resources/Model/Saber/res/SV1501_body_S.tga
  artifactKey: Guid(de6fea0c460e31a4a869dd4018554b1f) Importer(815301076,1909f56bfc062723c751e8b465ee728b)
Start importing Assets/Resources/Model/Saber/res/SV1501_body_S.tga using Guid(de6fea0c460e31a4a869dd4018554b1f) Importer(815301076,1909f56bfc062723c751e8b465ee728b)  -> (artifact id: '36eccb7f4b605ce84720fda76d99e74f') in 0.006013 seconds
  Import took 0.028059 seconds .

========================================================================
Received Import Request.
  Time since last request: 0.000352 seconds.
  path: Assets/Resources/Model/Saber/res/SV1500_hair_N.tga
  artifactKey: Guid(a318c955f86002b47a4af2e514261e11) Importer(815301076,1909f56bfc062723c751e8b465ee728b)
Start importing Assets/Resources/Model/Saber/res/SV1500_hair_N.tga using Guid(a318c955f86002b47a4af2e514261e11) Importer(815301076,1909f56bfc062723c751e8b465ee728b)  -> (artifact id: '4b56af2ff2245d64bd5422bcb2dcb11d') in 0.007034 seconds
  Import took 0.011150 seconds .

========================================================================
Received Import Request.
  Time since last request: 14.435657 seconds.
  path: Assets/Resources/Model/Saber/res/sv1501out.fbx
  artifactKey: Guid(495e6e2efdd3981429647c3a4f7fc5d8) Importer(815301076,1909f56bfc062723c751e8b465ee728b)
Start importing Assets/Resources/Model/Saber/res/sv1501out.fbx using Guid(495e6e2efdd3981429647c3a4f7fc5d8) Importer(815301076,1909f56bfc062723c751e8b465ee728b)  -> (artifact id: 'bf926913d32a274fc550174b51b28086') in 0.634543 seconds
  Import took 0.638856 seconds .

========================================================================
Received Import Request.
  Time since last request: 86.434670 seconds.
  path: Assets/Resources/Model/Saber/weapon/t_sv15_arturiaout.fbx
  artifactKey: Guid(305d50b0e03ad2946a7c777c7d8d08c2) Importer(815301076,1909f56bfc062723c751e8b465ee728b)
Start importing Assets/Resources/Model/Saber/weapon/t_sv15_arturiaout.fbx using Guid(305d50b0e03ad2946a7c777c7d8d08c2) Importer(815301076,1909f56bfc062723c751e8b465ee728b)  -> (artifact id: '13e0dc6f25764d3d58a47693de53cfd1') in 0.017365 seconds
  Import took 0.021264 seconds .

========================================================================
Received Import Request.
  Time since last request: 0.001574 seconds.
  path: Assets/Resources/Model/Saber/weapon/t_sv15_arturiaout.fbx
  artifactKey: Guid(305d50b0e03ad2946a7c777c7d8d08c2) Importer(815301076,1909f56bfc062723c751e8b465ee728b)
Start importing Assets/Resources/Model/Saber/weapon/t_sv15_arturiaout.fbx using Guid(305d50b0e03ad2946a7c777c7d8d08c2) Importer(815301076,1909f56bfc062723c751e8b465ee728b)  -> (artifact id: '13e0dc6f25764d3d58a47693de53cfd1') in 0.024670 seconds
  Import took 0.028151 seconds .

========================================================================
Received Import Request.
  Time since last request: 178.537824 seconds.
  path: Assets/Resources/Model/Saber/res/Saber.max
  artifactKey: Guid(988da41741565c442afcddc0f00088af) Importer(815301076,1909f56bfc062723c751e8b465ee728b)
Start importing Assets/Resources/Model/Saber/res/Saber.max using Guid(988da41741565c442afcddc0f00088af) Importer(815301076,1909f56bfc062723c751e8b465ee728b)  -> (artifact id: '8ac6c34fb687ede5c11bc6406842d411') in 0.101044 seconds
  Import took 0.105820 seconds .

========================================================================
Received Import Request.
  Time since last request: 0.013856 seconds.
  path: Assets/Resources/Model/Saber/res/Saber.max
  artifactKey: Guid(988da41741565c442afcddc0f00088af) Importer(815301076,1909f56bfc062723c751e8b465ee728b)
Start importing Assets/Resources/Model/Saber/res/Saber.max using Guid(988da41741565c442afcddc0f00088af) Importer(815301076,1909f56bfc062723c751e8b465ee728b)  -> (artifact id: '8ac6c34fb687ede5c11bc6406842d411') in 0.152724 seconds
  Import took 0.157078 seconds .

========================================================================
Received Import Request.
  Time since last request: 38.178753 seconds.
  path: Assets/Resources/Model/Saber/res/Saber.max
  artifactKey: Guid(988da41741565c442afcddc0f00088af) Importer(815301076,1909f56bfc062723c751e8b465ee728b)
Start importing Assets/Resources/Model/Saber/res/Saber.max using Guid(988da41741565c442afcddc0f00088af) Importer(815301076,1909f56bfc062723c751e8b465ee728b)  -> (artifact id: '4c41cd62919df121105ed657b57c83bc') in 0.084575 seconds
  Import took 0.088850 seconds .

========================================================================
Received Import Request.
  Time since last request: 114.030958 seconds.
  path: Assets/Resources/Model/Saber/res/sv1500out.fbx
  artifactKey: Guid(a265e99cc0901c844bfd3fd743d27bcd) Importer(815301076,1909f56bfc062723c751e8b465ee728b)
Start importing Assets/Resources/Model/Saber/res/sv1500out.fbx using Guid(a265e99cc0901c844bfd3fd743d27bcd) Importer(815301076,1909f56bfc062723c751e8b465ee728b)  -> (artifact id: '0fccfd5049c0eb9f92dbd60fac03f70c') in 0.087019 seconds
  Import took 0.092015 seconds .

========================================================================
Received Import Request.
  Time since last request: 35.018356 seconds.
  path: Assets/Resources/Materials/Hair.mat
  artifactKey: Guid(60b2cb23343f6a849a9c7a8763a38ad3) Importer(815301076,1909f56bfc062723c751e8b465ee728b)
Start importing Assets/Resources/Materials/Hair.mat using Guid(60b2cb23343f6a849a9c7a8763a38ad3) Importer(815301076,1909f56bfc062723c751e8b465ee728b)  -> (artifact id: '8735a9efd72fe2cb8fab6f3937b18a9c') in 0.046145 seconds
  Import took 0.050031 seconds .

========================================================================
Received Import Request.
  Time since last request: 320.365844 seconds.
  path: Assets/CommonSettings/Settings/UniversalRP-HighQuality.asset
  artifactKey: Guid(19ba41d7c0026c3459d37c2fe90c55a0) Importer(815301076,1909f56bfc062723c751e8b465ee728b)
Start importing Assets/CommonSettings/Settings/UniversalRP-HighQuality.asset using Guid(19ba41d7c0026c3459d37c2fe90c55a0) Importer(815301076,1909f56bfc062723c751e8b465ee728b)  -> (artifact id: '7ddfb23e0e6dd960d079fc54eee816a8') in 0.009663 seconds
  Import took 0.014043 seconds .

========================================================================
Received Import Request.
  Time since last request: 0.012254 seconds.
  path: Assets/CommonSettings/Settings/UniversalRP-HighQuality.asset
  artifactKey: Guid(19ba41d7c0026c3459d37c2fe90c55a0) Importer(815301076,1909f56bfc062723c751e8b465ee728b)
Start importing Assets/CommonSettings/Settings/UniversalRP-HighQuality.asset using Guid(19ba41d7c0026c3459d37c2fe90c55a0) Importer(815301076,1909f56bfc062723c751e8b465ee728b)  -> (artifact id: '7ddfb23e0e6dd960d079fc54eee816a8') in 0.127854 seconds
  Import took 0.135038 seconds .

========================================================================
Received Import Request.
  Time since last request: 394.375499 seconds.
  path: Assets/CommonSettings/Presets/AudioCompressedInMemory.preset
  artifactKey: Guid(2dd802e4d37c65149922028d3e973832) Importer(815301076,1909f56bfc062723c751e8b465ee728b)
Start importing Assets/CommonSettings/Presets/AudioCompressedInMemory.preset using Guid(2dd802e4d37c65149922028d3e973832) Importer(815301076,1909f56bfc062723c751e8b465ee728b)  -> (artifact id: '3e0a3e3973be6f8a0b78c6c3a1394b00') in 0.048208 seconds
  Import took 0.065628 seconds .

========================================================================
Received Import Request.
  Time since last request: 0.000327 seconds.
  path: Assets/CommonSettings/Presets/AudioStreaming.preset
  artifactKey: Guid(86bcce7f5575b54408aa0f3a7d321039) Importer(815301076,1909f56bfc062723c751e8b465ee728b)
Start importing Assets/CommonSettings/Presets/AudioStreaming.preset using Guid(86bcce7f5575b54408aa0f3a7d321039) Importer(815301076,1909f56bfc062723c751e8b465ee728b)  -> (artifact id: '35b50662775c8326ce6fc678a83b2fae') in 0.003890 seconds
  Import took 0.007423 seconds .

========================================================================
Received Import Request.
  Time since last request: 0.000295 seconds.
  path: Assets/CommonSettings/Presets/NormalTexture.preset
  artifactKey: Guid(14a57cf3b9fa1c74b884aa7e0dcf1faa) Importer(815301076,1909f56bfc062723c751e8b465ee728b)
Start importing Assets/CommonSettings/Presets/NormalTexture.preset using Guid(14a57cf3b9fa1c74b884aa7e0dcf1faa) Importer(815301076,1909f56bfc062723c751e8b465ee728b)  -> (artifact id: 'a6332115112a723f1bf35ee8c3a190fe') in 0.017798 seconds
  Import took 0.021536 seconds .

========================================================================
Received Import Request.
  Time since last request: 0.000273 seconds.
  path: Assets/CommonSettings/Presets/UtilityTexture.preset
  artifactKey: Guid(45f7b2e3c78185248b3adbb14429c2ab) Importer(815301076,1909f56bfc062723c751e8b465ee728b)
Start importing Assets/CommonSettings/Presets/UtilityTexture.preset using Guid(45f7b2e3c78185248b3adbb14429c2ab) Importer(815301076,1909f56bfc062723c751e8b465ee728b)  -> (artifact id: '4f68faecbb6275026e9f0938eb49f2ff') in 0.013220 seconds
  Import took 0.037755 seconds .

========================================================================
Received Import Request.
  Time since last request: 3.992387 seconds.
  path: Assets/Resources/Materials/Hair.mat
  artifactKey: Guid(60b2cb23343f6a849a9c7a8763a38ad3) Importer(815301076,1909f56bfc062723c751e8b465ee728b)
Start importing Assets/Resources/Materials/Hair.mat using Guid(60b2cb23343f6a849a9c7a8763a38ad3) Importer(815301076,1909f56bfc062723c751e8b465ee728b)  -> (artifact id: '0ac26e2652b2889b7f8f544166161ff9') in 0.032317 seconds
  Import took 0.035825 seconds .

AssetImportWorkerClient::OnTransportError - code=2 error=End of file
